TN:
SF:app.js
FN:10,(anonymous_0)
FN:19,getCommentById
FN:21,(anonymous_2)
FN:25,getEntryById
FN:27,(anonymous_4)
FN:31,getAllComments
FN:41,(anonymous_6)
FN:47,(anonymous_7)
FN:53,addComment
FN:60,(anonymous_9)
FNF:10
FNH:8
FNDA:2,(anonymous_0)
FNDA:1,getCommentById
FNDA:1,(anonymous_2)
FNDA:1,getEntryById
FNDA:1,(anonymous_4)
FNDA:3,getAllComments
FNDA:1,(anonymous_6)
FNDA:1,(anonymous_7)
FNDA:0,addComment
FNDA:0,(anonymous_9)
DA:1,1
DA:2,1
DA:3,1
DA:4,1
DA:5,1
DA:6,1
DA:7,1
DA:8,1
DA:10,1
DA:11,2
DA:13,1
DA:14,1
DA:15,1
DA:16,1
DA:20,1
DA:21,1
DA:22,1
DA:26,1
DA:27,1
DA:28,1
DA:32,3
DA:33,3
DA:34,39
DA:35,39
DA:36,39
DA:38,3
DA:41,1
DA:42,1
DA:43,1
DA:44,1
DA:45,1
DA:46,1
DA:47,1
DA:48,1
DA:50,1
DA:54,0
DA:55,0
DA:56,0
DA:57,0
DA:58,0
DA:59,0
DA:60,0
DA:61,0
DA:63,0
DA:67,1
LF:45
LH:36
BRF:0
BRH:0
end_of_record
